--------------------------------------------------------------------------------
Release 14.7 Trace  (nt64)
Copyright (c) 1995-2013 Xilinx, Inc.  All rights reserved.

C:\Xilinx\14.7\ISE_DS\ISE\bin\nt64\unwrapped\trce.exe -intstyle ise -v 3 -s 4
-n 3 -fastpaths -xml ProjectFinal.twx ProjectFinal.ncd -o ProjectFinal.twr
ProjectFinal.pcf -ucf ProjectFinal.ucf

Design file:              ProjectFinal.ncd
Physical constraint file: ProjectFinal.pcf
Device,package,speed:     xc3s200,pq208,-4 (PRODUCTION 1.39 2013-10-13)
Report level:             verbose report

Environment Variable      Effect 
--------------------      ------ 
NONE                      No environment variables were set
--------------------------------------------------------------------------------

INFO:Timing:2698 - No timing constraints found, doing default enumeration.
INFO:Timing:3412 - To improve timing, see the Timing Closure User Guide (UG612).
INFO:Timing:2752 - To get complete path coverage, use the unconstrained paths 
   option. All paths that are not constrained will be reported in the 
   unconstrained paths section(s) of the report.
INFO:Timing:3339 - The clock-to-out numbers in this timing report are based on 
   a 50 Ohm transmission line loading model.  For the details of this model, 
   and for more information on accounting for different loading conditions, 
   please see the device datasheet.
INFO:Timing:3390 - This architecture does not support a default System Jitter 
   value, please add SYSTEM_JITTER constraint to the UCF to modify the Clock 
   Uncertainty calculation.
INFO:Timing:3389 - This architecture does not support 'Discrete Jitter' and 
   'Phase Error' calculations, these terms will be zero in the Clock 
   Uncertainty calculation.  Please make appropriate modification to 
   SYSTEM_JITTER to account for the unsupported Discrete Jitter and Phase 
   Error.



Data Sheet report:
-----------------
All values displayed in nanoseconds (ns)

Setup/Hold to clock clk
------------+------------+------------+------------------+--------+
            |Max Setup to|Max Hold to |                  | Clock  |
Source      | clk (edge) | clk (edge) |Internal Clock(s) | Phase  |
------------+------------+------------+------------------+--------+
PIEZO_Stop  |    2.850(R)|   -0.772(R)|clk_BUFGP         |   0.000|
SEG_Stop    |    5.778(R)|    0.525(R)|clk_BUFGP         |   0.000|
STOP        |    5.008(R)|   -1.158(R)|clk_BUFGP         |   0.000|
rst         |    5.457(R)|   -0.735(R)|clk_BUFGP         |   0.000|
------------+------------+------------+------------------+--------+

Clock clk to Pad
------------+------------+------------------+--------+
            | clk (edge) |                  | Clock  |
Destination |   to PAD   |Internal Clock(s) | Phase  |
------------+------------+------------------+--------+
LCD_E       |   11.168(R)|clk_BUFGP         |   0.000|
PIEZO       |    9.892(R)|clk_BUFGP         |   0.000|
SEG_COM<0>  |    8.414(R)|clk_BUFGP         |   0.000|
SEG_COM<1>  |    8.414(R)|clk_BUFGP         |   0.000|
SEG_COM<2>  |    8.414(R)|clk_BUFGP         |   0.000|
SEG_COM<3>  |    8.414(R)|clk_BUFGP         |   0.000|
SEG_DATA<0> |    8.769(R)|clk_BUFGP         |   0.000|
SEG_DATA<1> |    9.594(R)|clk_BUFGP         |   0.000|
SEG_DATA<2> |    8.731(R)|clk_BUFGP         |   0.000|
SEG_DATA<3> |    9.590(R)|clk_BUFGP         |   0.000|
SEG_DATA<4> |    9.259(R)|clk_BUFGP         |   0.000|
SEG_DATA<5> |    9.590(R)|clk_BUFGP         |   0.000|
SEG_DATA<6> |    9.528(R)|clk_BUFGP         |   0.000|
SEG_DATA<7> |    9.388(R)|clk_BUFGP         |   0.000|
------------+------------+------------------+--------+

Clock to Setup on destination clock clk
---------------+---------+---------+---------+---------+
               | Src:Rise| Src:Fall| Src:Rise| Src:Fall|
Source Clock   |Dest:Rise|Dest:Rise|Dest:Fall|Dest:Fall|
---------------+---------+---------+---------+---------+
clk            |    4.608|         |         |         |
---------------+---------+---------+---------+---------+


Analysis completed Fri Dec 06 17:26:58 2019 
--------------------------------------------------------------------------------

Trace Settings:
-------------------------
Trace Settings 

Peak Memory Usage: 4489 MB



